2017-07-08 11:49:15,164 [5332] DEBUG FoxOne.Core.Logger - cache hit with key:FoxOne.Business.Permission
2017-07-08 11:49:15,204 [5332] DEBUG FoxOne.Core.Logger - cache hit with key:FoxOne.Business.Permission
2017-07-08 11:49:15,211 [5332] DEBUG FoxOne.Core.Logger - cache hit with key:FoxOne.Business.Permission
2017-07-08 11:49:15,214 [5332] DEBUG FoxOne.Core.Logger - cache hit with key:FoxOne.Business.Permission
2017-07-08 11:49:15,216 [5332] DEBUG FoxOne.Core.Logger - cache hit with key:FoxOne.Business.Permission
2017-07-08 11:49:15,219 [5332] DEBUG FoxOne.Core.Logger - cache hit with key:FoxOne.Business.Permission
2017-07-08 11:49:15,222 [5332] DEBUG FoxOne.Core.Logger - cache hit with key:FoxOne.Business.Permission
2017-07-08 11:49:15,224 [5332] DEBUG FoxOne.Core.Logger - cache hit with key:FoxOne.Business.Permission
2017-07-08 11:49:15,227 [5332] DEBUG FoxOne.Core.Logger - cache hit with key:FoxOne.Business.Permission
2017-07-08 11:49:15,229 [5332] DEBUG FoxOne.Core.Logger - cache hit with key:FoxOne.Business.Permission
2017-07-08 11:49:15,232 [5332] DEBUG FoxOne.Core.Logger - cache hit with key:FoxOne.Business.Permission
2017-07-08 11:49:15,234 [5332] DEBUG FoxOne.Core.Logger - cache hit with key:FoxOne.Business.Permission
2017-07-08 11:49:15,236 [5332] DEBUG FoxOne.Core.Logger - cache hit with key:FoxOne.Business.Permission
2017-07-08 11:49:15,239 [5332] DEBUG FoxOne.Core.Logger - cache hit with key:FoxOne.Business.Permission
2017-07-08 11:49:15,241 [5332] DEBUG FoxOne.Core.Logger - cache hit with key:FoxOne.Business.Permission
2017-07-08 11:49:15,243 [5332] DEBUG FoxOne.Core.Logger - cache hit with key:FoxOne.Business.Permission
2017-07-08 11:49:15,245 [5332] DEBUG FoxOne.Core.Logger - cache hit with key:FoxOne.Business.Permission
2017-07-08 11:49:15,247 [5332] DEBUG FoxOne.Core.Logger - cache hit with key:FoxOne.Business.Permission
2017-07-08 11:49:15,249 [5332] DEBUG FoxOne.Core.Logger - cache hit with key:FoxOne.Business.Permission
2017-07-08 11:49:15,251 [5332] DEBUG FoxOne.Core.Logger - cache hit with key:FoxOne.Business.Permission
2017-07-08 11:49:15,254 [5332] DEBUG FoxOne.Core.Logger - cache hit with key:FoxOne.Business.Permission
2017-07-08 11:49:15,257 [5332] DEBUG FoxOne.Core.Logger - cache hit with key:FoxOne.Business.Permission
2017-07-08 11:49:15,260 [5332] DEBUG FoxOne.Core.Logger - cache hit with key:FoxOne.Business.Permission
2017-07-08 11:49:15,262 [5332] DEBUG FoxOne.Core.Logger - cache hit with key:FoxOne.Business.Permission
2017-07-08 11:49:15,265 [5332] DEBUG FoxOne.Core.Logger - cache hit with key:FoxOne.Business.Permission
2017-07-08 11:49:15,267 [5332] DEBUG FoxOne.Core.Logger - cache hit with key:FoxOne.Business.Permission
2017-07-08 11:49:15,269 [5332] DEBUG FoxOne.Core.Logger - cache hit with key:FoxOne.Business.Permission
2017-07-08 11:49:15,276 [5332] DEBUG FoxOne.Core.Logger - cache hit with key:FoxOne.Business.Permission
2017-07-08 11:49:15,279 [5332] DEBUG FoxOne.Core.Logger - cache hit with key:FoxOne.Business.Permission
2017-07-08 11:49:15,426 [6388] DEBUG FoxOne.Core.Logger - cache hit with key:FoxOne.Business.Permission
2017-07-08 11:49:19,185 [5332] DEBUG FoxOne.Core.Logger - cache hit with key:FoxOne.Business.Permission
2017-07-08 11:49:19,228 [5332] DEBUG FoxOne.Core.Logger - 

Sql -> 
SELECT * FROM [APP_Page]
2017-07-08 11:49:24,770 [5332] DEBUG FoxOne.Core.Logger - cache hit with key:FoxOne.Business.Permission
2017-07-08 11:49:25,705 [9892] DEBUG FoxOne.Core.Logger - cache hit with key:FoxOne.Business.Permission
2017-07-08 11:49:27,268 [5680] DEBUG FoxOne.Core.Logger - cache hit with key:FoxOne.Business.Permission
2017-07-08 11:49:27,282 [5680] DEBUG FoxOne.Core.Logger - cache hit with key:FoxOne.Business.PageEntity
2017-07-08 11:49:27,297 [5680] DEBUG FoxOne.Core.Logger - 

Sql -> 
SELECT * FROM [APP_Component]
2017-07-08 11:49:27,385 [5680] DEBUG FoxOne.Core.Logger - 

Sql -> 
SELECT * FROM [APP_Layout]
2017-07-08 11:49:27,459 [5680] DEBUG FoxOne.Core.Logger - 

Sql -> 
SELECT * FROM [APP_PageLayoutFile]
2017-07-08 11:49:27,524 [5680] DEBUG FoxOne.Core.Logger - 

Sql -> 
SELECT * FROM [APP_ExternalFile]
2017-07-08 11:49:27,584 [5680] DEBUG FoxOne.Core.Logger - cache hit with key:FoxOne.Business.PageLayoutFileEntity
2017-07-08 11:49:27,587 [5680] DEBUG FoxOne.Core.Logger - cache hit with key:FoxOne.Business.ExternalFileEntity
2017-07-08 11:49:27,876 [5680] DEBUG FoxOne.Core.Logger - cache hit with key:FoxOne.Business.Permission
2017-07-08 11:49:27,878 [5680] DEBUG FoxOne.Core.Logger - cache hit with key:FoxOne.Business.Permission
2017-07-08 11:49:27,880 [5680] DEBUG FoxOne.Core.Logger - cache hit with key:FoxOne.Business.Permission
2017-07-08 11:49:27,882 [5680] DEBUG FoxOne.Core.Logger - cache hit with key:FoxOne.Business.Permission
2017-07-08 11:49:27,884 [5680] DEBUG FoxOne.Core.Logger - cache hit with key:FoxOne.Business.Permission
2017-07-08 11:49:27,974 [5680] DEBUG FoxOne.Core.Logger - 

Sql -> 
SELECT * FROM [APP_CRUD]
2017-07-08 11:49:29,710 [6388] DEBUG FoxOne.Core.Logger - cache hit with key:FoxOne.Business.Permission
2017-07-08 11:49:30,669 [6388] DEBUG FoxOne.Core.Logger - cache hit with key:FoxOne.Business.Permission
2017-07-08 11:50:09,559 [5332] DEBUG FoxOne.Core.Logger - cache hit with key:FoxOne.Business.Permission
2017-07-08 11:52:43,956 [6388] DEBUG FoxOne.Core.Logger - cache hit with key:FoxOne.Business.User
2017-07-08 11:52:44,054 [6388] DEBUG FoxOne.Core.Logger - cache hit with key:FoxOne.Business.Permission
2017-07-08 11:52:44,083 [6388] DEBUG FoxOne.Core.Logger - cache hit with key:FoxOne.Business.User
2017-07-08 11:52:45,007 [9892] DEBUG FoxOne.Core.Logger - cache hit with key:FoxOne.Business.Permission
2017-07-08 11:52:45,010 [9892] DEBUG FoxOne.Core.Logger - cache hit with key:FoxOne.Business.UserRole
2017-07-08 11:52:45,013 [9892] DEBUG FoxOne.Core.Logger - cache hit with key:FoxOne.Business.Role
2017-07-08 11:52:45,021 [9892] DEBUG FoxOne.Core.Logger - cache hit with key:FoxOne.Business.RolePermission
2017-07-08 11:52:45,024 [9892] DEBUG FoxOne.Core.Logger - cache hit with key:FoxOne.Business.Permission
2017-07-08 11:52:45,026 [9892] DEBUG FoxOne.Core.Logger - cache hit with key:FoxOne.Business.RoleType
2017-07-08 11:52:45,030 [9892] DEBUG FoxOne.Core.Logger - cache hit with key:FoxOne.Business.RoleTypePermission
2017-07-08 11:52:45,034 [9892] DEBUG FoxOne.Core.Logger - cache hit with key:FoxOne.Business.Permission
2017-07-08 11:52:45,036 [9892] DEBUG FoxOne.Core.Logger - cache hit with key:FoxOne.Business.RoleType
2017-07-08 11:52:45,038 [9892] DEBUG FoxOne.Core.Logger - cache hit with key:FoxOne.Business.RoleTypePermission
2017-07-08 11:52:45,041 [9892] DEBUG FoxOne.Core.Logger - cache hit with key:FoxOne.Business.Permission
2017-07-08 11:52:45,043 [9892] DEBUG FoxOne.Core.Logger - cache hit with key:FoxOne.Business.Permission
2017-07-08 11:52:45,046 [9892] DEBUG FoxOne.Core.Logger - cache hit with key:FoxOne.Business.Permission
2017-07-08 11:52:45,049 [9892] DEBUG FoxOne.Core.Logger - cache hit with key:FoxOne.Business.Permission
2017-07-08 11:52:45,051 [9892] DEBUG FoxOne.Core.Logger - cache hit with key:FoxOne.Business.Permission
2017-07-08 11:52:45,053 [9892] DEBUG FoxOne.Core.Logger - cache hit with key:FoxOne.Business.Permission
2017-07-08 11:52:45,055 [9892] DEBUG FoxOne.Core.Logger - cache hit with key:FoxOne.Business.Permission
2017-07-08 11:52:45,057 [9892] DEBUG FoxOne.Core.Logger - cache hit with key:FoxOne.Business.Permission
2017-07-08 11:52:45,059 [9892] DEBUG FoxOne.Core.Logger - cache hit with key:FoxOne.Business.Permission
2017-07-08 11:52:45,061 [9892] DEBUG FoxOne.Core.Logger - cache hit with key:FoxOne.Business.Permission
2017-07-08 11:52:45,064 [9892] DEBUG FoxOne.Core.Logger - cache hit with key:FoxOne.Business.Permission
2017-07-08 11:52:45,067 [9892] DEBUG FoxOne.Core.Logger - cache hit with key:FoxOne.Business.Permission
2017-07-08 11:52:45,071 [9892] DEBUG FoxOne.Core.Logger - cache hit with key:FoxOne.Business.Permission
2017-07-08 11:52:45,073 [9892] DEBUG FoxOne.Core.Logger - cache hit with key:FoxOne.Business.Permission
2017-07-08 11:52:45,075 [9892] DEBUG FoxOne.Core.Logger - cache hit with key:FoxOne.Business.Permission
2017-07-08 11:52:45,077 [9892] DEBUG FoxOne.Core.Logger - cache hit with key:FoxOne.Business.Permission
2017-07-08 11:52:45,080 [9892] DEBUG FoxOne.Core.Logger - cache hit with key:FoxOne.Business.Permission
2017-07-08 11:52:45,082 [9892] DEBUG FoxOne.Core.Logger - cache hit with key:FoxOne.Business.Permission
2017-07-08 11:52:45,085 [9892] DEBUG FoxOne.Core.Logger - cache hit with key:FoxOne.Business.Permission
2017-07-08 11:52:45,087 [9892] DEBUG FoxOne.Core.Logger - cache hit with key:FoxOne.Business.Permission
2017-07-08 11:52:45,089 [9892] DEBUG FoxOne.Core.Logger - cache hit with key:FoxOne.Business.Permission
2017-07-08 11:52:45,091 [9892] DEBUG FoxOne.Core.Logger - cache hit with key:FoxOne.Business.Permission
2017-07-08 11:52:45,093 [9892] DEBUG FoxOne.Core.Logger - cache hit with key:FoxOne.Business.Permission
2017-07-08 11:52:45,095 [9892] DEBUG FoxOne.Core.Logger - cache hit with key:FoxOne.Business.Permission
2017-07-08 11:52:45,098 [9892] DEBUG FoxOne.Core.Logger - cache hit with key:FoxOne.Business.Permission
2017-07-08 11:52:45,100 [9892] DEBUG FoxOne.Core.Logger - cache hit with key:FoxOne.Business.Permission
2017-07-08 11:52:45,102 [9892] DEBUG FoxOne.Core.Logger - cache hit with key:FoxOne.Business.Permission
2017-07-08 11:52:45,104 [9892] DEBUG FoxOne.Core.Logger - cache hit with key:FoxOne.Business.Permission
2017-07-08 11:52:45,106 [9892] DEBUG FoxOne.Core.Logger - cache hit with key:FoxOne.Business.Permission
2017-07-08 11:52:45,108 [9892] DEBUG FoxOne.Core.Logger - cache hit with key:FoxOne.Business.Permission
2017-07-08 11:52:45,110 [9892] DEBUG FoxOne.Core.Logger - cache hit with key:FoxOne.Business.Permission
2017-07-08 11:52:45,116 [9892] DEBUG FoxOne.Core.Logger - cache hit with key:FoxOne.Business.Permission
2017-07-08 11:52:45,142 [9892] DEBUG FoxOne.Core.Logger - cache hit with key:FoxOne.Business.Permission
2017-07-08 11:52:45,149 [9892] DEBUG FoxOne.Core.Logger - cache hit with key:FoxOne.Business.Permission
2017-07-08 11:52:45,151 [9892] DEBUG FoxOne.Core.Logger - cache hit with key:FoxOne.Business.Permission
2017-07-08 11:52:45,155 [9892] DEBUG FoxOne.Core.Logger - cache hit with key:FoxOne.Business.Permission
2017-07-08 11:52:45,163 [9892] DEBUG FoxOne.Core.Logger - cache hit with key:FoxOne.Business.Permission
2017-07-08 11:52:45,170 [9892] DEBUG FoxOne.Core.Logger - cache hit with key:FoxOne.Business.Permission
2017-07-08 11:52:45,174 [9892] DEBUG FoxOne.Core.Logger - cache hit with key:FoxOne.Business.Permission
2017-07-08 11:52:45,183 [9892] DEBUG FoxOne.Core.Logger - cache hit with key:FoxOne.Business.Permission
2017-07-08 11:52:45,190 [9892] DEBUG FoxOne.Core.Logger - cache hit with key:FoxOne.Business.Permission
2017-07-08 11:52:45,193 [9892] DEBUG FoxOne.Core.Logger - cache hit with key:FoxOne.Business.Permission
2017-07-08 11:52:45,198 [9892] DEBUG FoxOne.Core.Logger - cache hit with key:FoxOne.Business.Permission
2017-07-08 11:52:45,203 [9892] DEBUG FoxOne.Core.Logger - cache hit with key:FoxOne.Business.Permission
2017-07-08 11:52:45,206 [9892] DEBUG FoxOne.Core.Logger - cache hit with key:FoxOne.Business.Permission
2017-07-08 11:52:45,210 [9892] DEBUG FoxOne.Core.Logger - cache hit with key:FoxOne.Business.Permission
2017-07-08 11:52:45,214 [9892] DEBUG FoxOne.Core.Logger - cache hit with key:FoxOne.Business.Permission
2017-07-08 11:52:45,217 [9892] DEBUG FoxOne.Core.Logger - cache hit with key:FoxOne.Business.Permission
2017-07-08 11:52:45,221 [9892] DEBUG FoxOne.Core.Logger - cache hit with key:FoxOne.Business.Permission
2017-07-08 11:52:45,226 [9892] DEBUG FoxOne.Core.Logger - cache hit with key:FoxOne.Business.Permission
2017-07-08 11:52:45,240 [9892] DEBUG FoxOne.Core.Logger - cache hit with key:FoxOne.Business.Permission
2017-07-08 11:52:45,244 [9892] DEBUG FoxOne.Core.Logger - cache hit with key:FoxOne.Business.Permission
2017-07-08 11:52:45,251 [9892] DEBUG FoxOne.Core.Logger - cache hit with key:FoxOne.Business.Permission
2017-07-08 11:52:45,254 [9892] DEBUG FoxOne.Core.Logger - cache hit with key:FoxOne.Business.Permission
2017-07-08 11:52:45,259 [9892] DEBUG FoxOne.Core.Logger - cache hit with key:FoxOne.Business.Permission
2017-07-08 11:52:45,276 [9892] DEBUG FoxOne.Core.Logger - cache hit with key:FoxOne.Business.Permission
2017-07-08 11:52:45,294 [9892] DEBUG FoxOne.Core.Logger - cache hit with key:FoxOne.Business.Permission
2017-07-08 11:52:45,299 [9892] DEBUG FoxOne.Core.Logger - cache hit with key:FoxOne.Business.Permission
2017-07-08 11:52:45,302 [9892] DEBUG FoxOne.Core.Logger - cache hit with key:FoxOne.Business.Permission
2017-07-08 11:52:45,304 [9892] DEBUG FoxOne.Core.Logger - cache hit with key:FoxOne.Business.Permission
2017-07-08 11:52:45,308 [9892] DEBUG FoxOne.Core.Logger - cache hit with key:FoxOne.Business.Permission
2017-07-08 11:52:45,310 [9892] DEBUG FoxOne.Core.Logger - cache hit with key:FoxOne.Business.Permission
2017-07-08 11:52:45,316 [9892] DEBUG FoxOne.Core.Logger - cache hit with key:FoxOne.Business.Permission
2017-07-08 11:52:45,318 [9892] DEBUG FoxOne.Core.Logger - cache hit with key:FoxOne.Business.Permission
2017-07-08 11:52:45,322 [9892] DEBUG FoxOne.Core.Logger - cache hit with key:FoxOne.Business.Permission
2017-07-08 11:52:45,334 [9892] DEBUG FoxOne.Core.Logger - cache hit with key:FoxOne.Business.Permission
2017-07-08 11:52:45,348 [9892] DEBUG FoxOne.Core.Logger - cache hit with key:FoxOne.Business.Permission
2017-07-08 11:52:45,368 [9892] DEBUG FoxOne.Core.Logger - cache hit with key:FoxOne.Business.Permission
2017-07-08 11:52:45,371 [9892] DEBUG FoxOne.Core.Logger - cache hit with key:FoxOne.Business.Permission
2017-07-08 11:52:45,373 [9892] DEBUG FoxOne.Core.Logger - cache hit with key:FoxOne.Business.Permission
2017-07-08 11:52:45,375 [9892] DEBUG FoxOne.Core.Logger - cache hit with key:FoxOne.Business.Permission
2017-07-08 11:52:45,377 [9892] DEBUG FoxOne.Core.Logger - cache hit with key:FoxOne.Business.Permission
2017-07-08 11:52:45,379 [9892] DEBUG FoxOne.Core.Logger - cache hit with key:FoxOne.Business.Permission
2017-07-08 11:52:45,384 [9892] DEBUG FoxOne.Core.Logger - cache hit with key:FoxOne.Business.Permission
2017-07-08 11:52:45,389 [9892] DEBUG FoxOne.Core.Logger - cache hit with key:FoxOne.Business.Permission
2017-07-08 11:52:45,394 [9892] DEBUG FoxOne.Core.Logger - cache hit with key:FoxOne.Business.Permission
2017-07-08 11:52:45,403 [9892] DEBUG FoxOne.Core.Logger - cache hit with key:FoxOne.Business.Permission
2017-07-08 11:52:45,431 [9892] DEBUG FoxOne.Core.Logger - cache hit with key:FoxOne.Business.Permission
2017-07-08 11:52:45,452 [9892] DEBUG FoxOne.Core.Logger - cache hit with key:FoxOne.Business.Permission
2017-07-08 11:52:45,454 [9892] DEBUG FoxOne.Core.Logger - cache hit with key:FoxOne.Business.Permission
2017-07-08 11:52:45,456 [9892] DEBUG FoxOne.Core.Logger - cache hit with key:FoxOne.Business.Permission
2017-07-08 11:52:45,458 [9892] DEBUG FoxOne.Core.Logger - cache hit with key:FoxOne.Business.Permission
2017-07-08 11:52:45,459 [9892] DEBUG FoxOne.Core.Logger - cache hit with key:FoxOne.Business.Permission
2017-07-08 11:52:45,461 [9892] DEBUG FoxOne.Core.Logger - cache hit with key:FoxOne.Business.Permission
2017-07-08 11:52:45,463 [9892] DEBUG FoxOne.Core.Logger - cache hit with key:FoxOne.Business.Permission
2017-07-08 11:52:45,465 [9892] DEBUG FoxOne.Core.Logger - cache hit with key:FoxOne.Business.Permission
2017-07-08 11:52:45,466 [9892] DEBUG FoxOne.Core.Logger - cache hit with key:FoxOne.Business.Permission
2017-07-08 11:52:45,468 [9892] DEBUG FoxOne.Core.Logger - cache hit with key:FoxOne.Business.Permission
2017-07-08 11:52:45,469 [9892] DEBUG FoxOne.Core.Logger - cache hit with key:FoxOne.Business.Permission
2017-07-08 11:52:45,471 [9892] DEBUG FoxOne.Core.Logger - cache hit with key:FoxOne.Business.Permission
2017-07-08 11:52:45,473 [9892] DEBUG FoxOne.Core.Logger - cache hit with key:FoxOne.Business.Permission
2017-07-08 11:52:45,476 [9892] DEBUG FoxOne.Core.Logger - cache hit with key:FoxOne.Business.Permission
2017-07-08 11:52:45,478 [9892] DEBUG FoxOne.Core.Logger - cache hit with key:FoxOne.Business.Permission
2017-07-08 11:52:45,480 [9892] DEBUG FoxOne.Core.Logger - cache hit with key:FoxOne.Business.Permission
2017-07-08 11:52:45,482 [9892] DEBUG FoxOne.Core.Logger - cache hit with key:FoxOne.Business.Permission
2017-07-08 11:52:45,483 [9892] DEBUG FoxOne.Core.Logger - cache hit with key:FoxOne.Business.Permission
2017-07-08 11:52:45,485 [9892] DEBUG FoxOne.Core.Logger - cache hit with key:FoxOne.Business.Permission
2017-07-08 11:52:45,487 [9892] DEBUG FoxOne.Core.Logger - cache hit with key:FoxOne.Business.Permission
2017-07-08 11:52:45,488 [9892] DEBUG FoxOne.Core.Logger - cache hit with key:FoxOne.Business.Permission
2017-07-08 11:52:45,490 [9892] DEBUG FoxOne.Core.Logger - cache hit with key:FoxOne.Business.Permission
2017-07-08 11:52:45,492 [9892] DEBUG FoxOne.Core.Logger - cache hit with key:FoxOne.Business.Permission
2017-07-08 11:52:45,495 [9892] DEBUG FoxOne.Core.Logger - cache hit with key:FoxOne.Business.Permission
2017-07-08 11:52:45,497 [9892] DEBUG FoxOne.Core.Logger - cache hit with key:FoxOne.Business.Permission
2017-07-08 11:52:45,498 [9892] DEBUG FoxOne.Core.Logger - cache hit with key:FoxOne.Business.Permission
2017-07-08 11:52:45,500 [9892] DEBUG FoxOne.Core.Logger - cache hit with key:FoxOne.Business.Permission
2017-07-08 11:52:45,601 [6388] DEBUG FoxOne.Core.Logger - cache hit with key:FoxOne.Business.Permission
2017-07-08 11:52:47,021 [6388] DEBUG FoxOne.Core.Logger - cache hit with key:FoxOne.Business.Permission
2017-07-08 11:52:47,027 [6388] DEBUG FoxOne.Core.Logger - cache hit with key:FoxOne.Business.PageEntity
